SERVER -> CLIENT: 220 smtp.gmail.com ESMTP 71dfb90a1353d-527abe8ea1bsm2906995e0c.37 - gsmtp
CLIENT -> SERVER: EHLO localhost
SERVER -> CLIENT: 250-smtp.gmail.com at your service, [186.151.104.116]
250-SIZE 35882577
250-8BITMIME
250-STARTTLS
250-ENHANCEDSTATUSCODES
250-PIPELINING
250-CHUNKING
250 SMTPUTF8
CLIENT -> SERVER: STARTTLS
SERVER -> CLIENT: 220 2.0.0 Ready to start TLS
CLIENT -> SERVER: EHLO localhost
SERVER -> CLIENT: 250-smtp.gmail.com at your service, [186.151.104.116]
250-SIZE 35882577
250-8BITMIME
250-AUTH LOGIN PLAIN XOAUTH2 PLAIN-CLIENTTOKEN OAUTHBEARER XOAUTH
250-ENHANCEDSTATUSCODES
250-PIPELINING
250-CHUNKING
250 SMTPUTF8
CLIENT -> SERVER: AUTH LOGIN
SERVER -> CLIENT: 334 VXNlcm5hbWU6
CLIENT -> SERVER: [credentials hidden]SERVER -> CLIENT: 334 UGFzc3dvcmQ6
CLIENT -> SERVER: [credentials hidden]SERVER -> CLIENT: 235 2.7.0 Accepted
CLIENT -> SERVER: MAIL FROM:<kheniavalos@gmail.com>
SERVER -> CLIENT: 250 2.1.0 OK 71dfb90a1353d-527abe8ea1bsm2906995e0c.37 - gsmtp
CLIENT -> SERVER: RCPT TO:<kheniavalos@gmail.com>
SERVER -> CLIENT: 250 2.1.5 OK 71dfb90a1353d-527abe8ea1bsm2906995e0c.37 - gsmtp
CLIENT -> SERVER: DATA
SERVER -> CLIENT: 354 Go ahead 71dfb90a1353d-527abe8ea1bsm2906995e0c.37 - gsmtp
CLIENT -> SERVER: Date: Wed, 16 Apr 2025 02:58:02 +0200
CLIENT -> SERVER: To: kheniavalos@gmail.com
CLIENT -> SERVER: From: Tu Sitio <kheniavalos@gmail.com>
CLIENT -> SERVER: Subject: Mensaje de contacto
CLIENT -> SERVER: Message-ID: <Cc20e3hIzXdas96w5ZpKgz3JxML4Ng6DqTpvdK942CM@localhost>
CLIENT -> SERVER: X-Mailer: PHPMailer 6.9.3 (https://github.com/PHPMailer/PHPMailer)
CLIENT -> SERVER: MIME-Version: 1.0
CLIENT -> SERVER: Content-Type: text/plain; charset=iso-8859-1
CLIENT -> SERVER: 
CLIENT -> SERVER: Contenido del mensaje
CLIENT -> SERVER: 
CLIENT -> SERVER: .
SERVER -> CLIENT: 250 2.0.0 OK  1744765085 71dfb90a1353d-527abe8ea1bsm2906995e0c.37 - gsmtp
CLIENT -> SERVER: QUIT
SERVER -> CLIENT: 221 2.0.0 closing connection 71dfb90a1353d-527abe8ea1bsm2906995e0c.37 - gsmtp
