Connection: opening to smtp.gmail.com:587, timeout=300, options=array (
  'ssl' => 
  array (
    'verify_peer' => false,
    'verify_peer_name' => false,
    'allow_self_signed' => true,
  ),
)
Connection: opened
SERVER -> CLIENT: 220 smtp.gmail.com ESMTP a1e0cc1a2514c-875560e4a9asm2906851241.6 - gsmtp

CLIENT -> SERVER: EHLO localhost

SERVER -> CLIENT: 250-smtp.gmail.com at your service, [186.151.104.116]
250-SIZE 35882577
250-8BITMIME
250-STARTTLS
250-ENHANCEDSTATUSCODES
250-PIPELINING
250-CHUNKING
250 SMTPUTF8

CLIENT -> SERVER: STARTTLS

SERVER -> CLIENT: 220 2.0.0 Ready to start TLS

CLIENT -> SERVER: EHLO localhost

SERVER -> CLIENT: 250-smtp.gmail.com at your service, [186.151.104.116]
250-SIZE 35882577
250-8BITMIME
250-AUTH LOGIN PLAIN XOAUTH2 PLAIN-CLIENTTOKEN OAUTHBEARER XOAUTH
250-ENHANCEDSTATUSCODES
250-PIPELINING
250-CHUNKING
250 SMTPUTF8

CLIENT -> SERVER: AUTH LOGIN

SERVER -> CLIENT: 334 VXNlcm5hbWU6

CLIENT -> SERVER: [credentials hidden]
SERVER -> CLIENT: 334 UGFzc3dvcmQ6

CLIENT -> SERVER: [credentials hidden]
SERVER -> CLIENT: 235 2.7.0 Accepted

CLIENT -> SERVER: MAIL FROM:<kheniavalos@gmail.com>

SERVER -> CLIENT: 250 2.1.0 OK a1e0cc1a2514c-875560e4a9asm2906851241.6 - gsmtp

CLIENT -> SERVER: RCPT TO:<kheniavalos@gmail.com>

SERVER -> CLIENT: 250 2.1.5 OK a1e0cc1a2514c-875560e4a9asm2906851241.6 - gsmtp

CLIENT -> SERVER: DATA

SERVER -> CLIENT: 354 Go ahead a1e0cc1a2514c-875560e4a9asm2906851241.6 - gsmtp

CLIENT -> SERVER: Date: Wed, 16 Apr 2025 02:19:22 +0200

CLIENT -> SERVER: To: kheniavalos@gmail.com

CLIENT -> SERVER: From: Test <kheniavalos@gmail.com>

CLIENT -> SERVER: Subject: Prueba SMTP

CLIENT -> SERVER: Message-ID: <8ls9p7L52ynVkSAATzcS4232hTJGdm1B6eLfDMG1qA@localhost>

CLIENT -> SERVER: X-Mailer: PHPMailer 6.9.3 (https://github.com/PHPMailer/PHPMailer)

CLIENT -> SERVER: MIME-Version: 1.0

CLIENT -> SERVER: Content-Type: text/plain; charset=iso-8859-1

CLIENT -> SERVER: 

CLIENT -> SERVER: Esto es una prueba

CLIENT -> SERVER: 

CLIENT -> SERVER: .

SERVER -> CLIENT: 250 2.0.0 OK  1744762765 a1e0cc1a2514c-875560e4a9asm2906851241.6 - gsmtp

CLIENT -> SERVER: QUIT

SERVER -> CLIENT: 221 2.0.0 closing connection a1e0cc1a2514c-875560e4a9asm2906851241.6 - gsmtp

Connection: closed
